-------------------------------------------------------------------------------
Test set: nl.ovsoftware.oldenzaal.testprototypes.junit.model.unit.TestClass
-------------------------------------------------------------------------------
Tests run: 5, Failures: 1, Errors: 0, Skipped: 1, Time elapsed: 0.022 sec <<< FAILURE! - in nl.ovsoftware.oldenzaal.testprototypes.junit.model.unit.TestClass
toStringTest()  Time elapsed: 0.006 sec  <<< FAILURE!
org.opentest4j.AssertionFailedError: expected: <true> but was: <false>
	at nl.ovsoftware.oldenzaal.testprototypes.junit.model.unit.TestClass.toStringTest(TestClass.java:43)

