-------------------------------------------------------------------------------
Test set: nl.ovsoftware.oldenzaal.testprototypes.junit.model.unit.TestClass
-------------------------------------------------------------------------------
Tests run: 5, Failures: 1, Errors: 0, Skipped: 0, Time elapsed: 0.015 sec <<< FAILURE! - in nl.ovsoftware.oldenzaal.testprototypes.junit.model.unit.TestClass
testAdd_OnlyOnFriday_WithLambda()  Time elapsed: 0.002 sec  <<< FAILURE!
org.opentest4j.AssertionFailedError: make the test fail on fridays
	at nl.ovsoftware.oldenzaal.testprototypes.junit.model.unit.TestClass.lambda$testAdd_OnlyOnFriday_WithLambda$5(TestClass.java:113)
	at nl.ovsoftware.oldenzaal.testprototypes.junit.model.unit.TestClass.testAdd_OnlyOnFriday_WithLambda(TestClass.java:111)

