-------------------------------------------------------------------------------
Test set: nl.ovsoftware.oldenzaal.testprototypes.junit.model.unit.TestClass
-------------------------------------------------------------------------------
Tests run: 5, Failures: 0, Errors: 1, Skipped: 1, Time elapsed: 0.017 sec <<< FAILURE! - in nl.ovsoftware.oldenzaal.testprototypes.junit.model.unit.TestClass
toStringTest()  Time elapsed: 0.002 sec  <<< ERROR!
java.lang.NullPointerException
	at nl.ovsoftware.oldenzaal.testprototypes.junit.model.unit.TestClass.toStringTest(TestClass.java:43)

