-------------------------------------------------------------------------------
Test set: nl.ovsoftware.oldenzaal.testprototypes.junit.model.unit.TestClass
-------------------------------------------------------------------------------
Tests run: 5, Failures: 1, Errors: 0, Skipped: 1, Time elapsed: 0.032 sec <<< FAILURE! - in nl.ovsoftware.oldenzaal.testprototypes.junit.model.unit.TestClass
testAdd_OnlyOnFriday_WithLambda()  Time elapsed: 0.012 sec  <<< FAILURE!
org.opentest4j.AssertionFailedError: expected: <true> but was: <false>
	at nl.ovsoftware.oldenzaal.testprototypes.junit.model.unit.TestClass.testAdd_OnlyOnFriday_WithLambda(TestClass.java:129)

